#
# A fatal error has been detected by the Java Runtime Environment:
#
#  SIGSEGV (0xb) at pc=0x000000010d96a982, pid=6884, tid=0x0000000000000307
#
# JRE version: Java(TM) SE Runtime Environment (8.0_181-b13) (build 1.8.0_181-b13)
# Java VM: Java HotSpot(TM) 64-Bit Server VM (25.181-b13 mixed mode bsd-amd64 compressed oops)
# Problematic frame:
# V  [libjvm.dylib+0x16a982]
#
# Failed to write core dump. Core dumps have been disabled. To enable core dumping, try "ulimit -c unlimited" before starting Java again
#
# If you would like to submit a bug report, please visit:
#   http://bugreport.java.com/bugreport/crash.jsp
#

---------------  T H R E A D  ---------------

Current thread is native thread

siginfo: si_signo: 11 (SIGSEGV), si_code: 1 (SEGV_MAPERR), si_addr: 0x0000000000000270

Registers:
RAX=0x0000000000000000, RBX=0x0000000000000000, RCX=0x00000001100cfdc0, RDX=0x0000000000000000
RSP=0x00007ffee2c933c0, RBP=0x00007ffee2c933d0, RSI=0x0000000000000006, RDI=0x00007ffee2c933e0
R8 =0x0000000000000000, R9 =0x00007fa6cd1186c0, R10=0x00007fff873bc250, R11=0x00007fff32566eec
R12=0x00007fa6cd2749f8, R13=0x00007fa6ce511840, R14=0x00007fa6ce5588d8, R15=0x00007fa6cd2749f8
RIP=0x000000010d96a982, EFLAGS=0x0000000000010246, ERR=0x0000000000000006
  TRAPNO=0x000000000000000e

Top of Stack: (sp=0x00007ffee2c933c0)
0x00007ffee2c933c0:   0000000000000000 00007fa6ce5588d8
0x00007ffee2c933d0:   00007ffee2c93400 000000010db16612
0x00007ffee2c933e0:   0000000000000000 00007fa6cbc87c00
0x00007ffee2c933f0:   00007fa6cd116800 00007fa6ce511840
0x00007ffee2c93400:   00007ffee2c93420 00007fff32566f07
0x00007ffee2c93410:   00007fa6cbc87c00 00007fa6cd2749f8
0x00007ffee2c93420:   00007ffee2c93440 00007fff32566d4c
0x00007ffee2c93430:   00007fa6cbc87c00 00007fa6ce52c180
0x00007ffee2c93440:   00007ffee2c934a0 000000012700bbbb
0x00007ffee2c93450:   0000000044180000 0000000000000000
0x00007ffee2c93460:   40cafd2dafdad730 0000000000000000
0x00007ffee2c93470:   0000000000000000 00007fff64062000
0x00007ffee2c93480:   00007fa6ce5122b0 00007fa6ce511840
0x00007ffee2c93490:   00007fa6ce511840 00007fa6ce100070
0x00007ffee2c934a0:   00007ffee2c93560 00007fff39646ab9
0x00007ffee2c934b0:   00007fa6ce511840 0000000000000000
0x00007ffee2c934c0:   0000000000000000 00007fa6ce511840
0x00007ffee2c934d0:   0000000000000000 0000000400000000
0x00007ffee2c934e0:   00007fa6cbe662d0 00007fa6cbffba90
0x00007ffee2c934f0:   40cafd2dafdad730 0000026000000258
0x00007ffee2c93500:   0000000800000004 0000000000000020
0x00007ffee2c93510:   0000000000000000 0000000000000000
0x00007ffee2c93520:   00007ffe00000010 00007fff395c975e
0x00007ffee2c93530:   297b1d12d576000c 00007fff64062000
0x00007ffee2c93540:   0000000000000004 0000000000000000
0x00007ffee2c93550:   00007fa6ce511840 00007fff6f3fb3bf
0x00007ffee2c93560:   00007ffee2c935e0 00007fff39646124
0x00007ffee2c93570:   0000000000000000 4083000000000000
0x00007ffee2c93580:   4082c00000000000 3ff0000000000000
0x00007ffee2c93590:   0000000000000000 0000000000000000
0x00007ffee2c935a0:   4082c00000000000 4083000000000000
0x00007ffee2c935b0:   297b1d12d576000c 00007ffee2c936c0 

Instructions: (pc=0x000000010d96a982)
0x000000010d96a962:   0e 48 8b 0b 49 8b 56 18 48 63 c0 48 89 0c c2 5b
0x000000010d96a972:   41 5e 5d c3 90 90 55 48 89 e5 41 56 53 48 8b 1f
0x000000010d96a982:   c7 83 70 02 00 00 05 00 00 00 48 8d 05 c5 e8 78
0x000000010d96a992:   00 8b 00 83 f8 01 41 89 f6 75 0c 48 8d 0d 02 54 

Register to memory mapping:

RAX=0x0000000000000000 is an unknown value
RBX=0x0000000000000000 is an unknown value
RCX=0x00000001100cfdc0 is an unknown value
RDX=0x0000000000000000 is an unknown value
RSP=0x00007ffee2c933c0 is an unknown value
RBP=0x00007ffee2c933d0 is an unknown value
RSI=0x0000000000000006 is an unknown value
RDI=0x00007ffee2c933e0 is an unknown value
R8 =0x0000000000000000 is an unknown value
R9 =0x00007fa6cd1186c0 is an unknown value
R10=0x00007fff873bc250: OBJC_CLASS_$_JNFWeakJObjectWrapper+0 in /System/Library/Frameworks/JavaVM.framework/Versions/A/Frameworks/JavaNativeFoundation.framework/Versions/A/JavaNativeFoundation at 0x00007fff32560000
R11=0x00007fff32566eec: -[JNFWeakJObjectWrapper _getWithEnv:]+0 in /System/Library/Frameworks/JavaVM.framework/Versions/A/Frameworks/JavaNativeFoundation.framework/Versions/A/JavaNativeFoundation at 0x00007fff32560000
R12=0x00007fa6cd2749f8 is an unknown value
R13=0x00007fa6ce511840 is an unknown value
R14=0x00007fa6ce5588d8 is a weak global jni handle
R15=0x00007fa6cd2749f8 is an unknown value


Stack: [0x00007ffee2498000,0x00007ffee2c98000],  sp=0x00007ffee2c933c0,  free space=8172k
Native frames: (J=compiled Java code, j=interpreted, Vv=VM code, C=native code)
V  [libjvm.dylib+0x16a982]
V  [libjvm.dylib+0x316612]
C  [JavaNativeFoundation+0x6f07]  -[JNFWeakJObjectWrapper _getWithEnv:]+0x1b
C  [JavaNativeFoundation+0x6d4c]  -[JNFJObjectWrapper jObjectWithEnv:]+0x16
C  [libawt_lwawt.dylib+0x1abbb]  -[CGLLayer drawInCGLContext:pixelFormat:forLayerTime:displayTime:]+0xa4
C  [QuartzCore+0xc1ab9]  _ZL17CAOpenGLLayerDrawP13CAOpenGLLayerdPK11CVTimeStampj+0x7ba
C  [QuartzCore+0xc1124]  -[CAOpenGLLayer _display]+0x244
C  [QuartzCore+0x249f1]  _ZN2CA5Layer17display_if_neededEPNS_11TransactionE+0x2e3
C  [QuartzCore+0x33da]  _ZN2CA7Context18commit_transactionEPNS_11TransactionEd+0x14e
C  [QuartzCore+0x2002]  _ZN2CA11Transaction6commitEv+0x27e
C  [AppKit+0x1e1e87]  __62+[CATransaction(NSCATransaction) NS_setFlushesWithDisplayLink]_block_invoke+0x10a
C  [AppKit+0x8fd77d]  ___NSRunLoopObserverCreateWithHandler_block_invoke+0x29
C  [CoreFoundation+0x840ee]  __CFRUNLOOP_IS_CALLING_OUT_TO_AN_OBSERVER_CALLBACK_FUNCTION__+0x17
C  [CoreFoundation+0x84014]  __CFRunLoopDoObservers+0x1c9
C  [CoreFoundation+0x8370b]  __CFRunLoopRun+0x4c3
C  [CoreFoundation+0x82bd3]  CFRunLoopRunSpecific+0x1f3
C  [java+0x646e]  CreateExecutionEnvironment+0x367
C  [java+0x203c]  JLI_Launch+0x7a0
C  [java+0x84cb]  main+0x65
C  [java+0x1894]  start+0x34


---------------  P R O C E S S  ---------------

VM state:not at safepoint (normal execution)

VM Mutex/Monitor currently owned by a thread: None

Heap:
 PSYoungGen      total 23040K, used 3841K [0x00000007aab00000, 0x00000007ac800000, 0x00000007c0000000)
  eden space 16384K, 23% used [0x00000007aab00000,0x00000007aaec0790,0x00000007abb00000)
  from space 6656K, 0% used [0x00000007abb00000,0x00000007abb00000,0x00000007ac180000)
  to   space 6656K, 0% used [0x00000007ac180000,0x00000007ac180000,0x00000007ac800000)
 ParOldGen       total 31744K, used 11886K [0x0000000780000000, 0x0000000781f00000, 0x00000007aab00000)
  object space 31744K, 37% used [0x0000000780000000,0x0000000780b9ba70,0x0000000781f00000)
 Metaspace       used 22358K, capacity 23072K, committed 23296K, reserved 1069056K
  class space    used 2811K, capacity 3019K, committed 3072K, reserved 1048576K

Card table byte_map: [0x000000010ec42000,0x000000010ee43000] byte_map_base: 0x000000010b042000

Marking Bits: (ParMarkBitMap*) 0x000000010e0f9cd0
 Begin Bits: [0x000000011f10a000, 0x000000012010a000)
 End Bits:   [0x000000012010a000, 0x000000012110a000)

Polling page: 0x000000010cfd7000

CodeCache: size=245760Kb used=6798Kb max_used=6798Kb free=238961Kb
 bounds [0x000000011010a000, 0x00000001107ba000, 0x000000011f10a000]
 total_blobs=2926 nmethods=2107 adapters=740
 compilation: enabled

Compilation events (10 events):
Event: 55.927 Thread 0x00007fa6cd0c0000 nmethod 2346 0x000000011078d810 code [0x000000011078d960, 0x000000011078da70]
Event: 55.932 Thread 0x00007fa6cd0c0000 2349       3       sun.java2d.pipe.RenderBuffer::putInt (26 bytes)
Event: 55.932 Thread 0x00007fa6cd0c0000 nmethod 2349 0x000000011078ce10 code [0x000000011078cf80, 0x000000011078d0f0]
Event: 55.935 Thread 0x00007fa6cd0c0000 2350       3       java.security.AccessControlContext::optimize (318 bytes)
Event: 55.939 Thread 0x00007fa6cd0c0000 nmethod 2350 0x00000001107a47d0 code [0x00000001107a4b40, 0x00000001107a6838]
Event: 55.961 Thread 0x00007fa6cd0c0000 2351       3       java.lang.Byte::valueOf (10 bytes)
Event: 55.961 Thread 0x00007fa6cd0c0000 nmethod 2351 0x000000011053a8d0 code [0x000000011053aa40, 0x000000011053abb0]
Event: 55.965 Thread 0x00007fa6cd0c0000 2353       3       java.lang.invoke.MemberName::<init> (131 bytes)
Event: 55.966 Thread 0x00007fa6cd0c0000 nmethod 2353 0x00000001107a7810 code [0x00000001107a7b00, 0x00000001107a8f18]
Event: 55.966 Thread 0x00007fa6cd0c0000 2356       3       jdk.internal.org.objectweb.asm.MethodWriter::put (1599 bytes)

GC Heap History (10 events):
Event: 49.962 GC heap before
{Heap before GC invocations=12 (full 0):
 PSYoungGen      total 23552K, used 17331K [0x00000007aab00000, 0x00000007ac900000, 0x00000007c0000000)
  eden space 16384K, 100% used [0x00000007aab00000,0x00000007abb00000,0x00000007abb00000)
  from space 7168K, 13% used [0x00000007abb00000,0x00000007abbecc70,0x00000007ac200000)
  to   space 7168K, 0% used [0x00000007ac200000,0x00000007ac200000,0x00000007ac900000)
 ParOldGen       total 44032K, used 13651K [0x0000000780000000, 0x0000000782b00000, 0x00000007aab00000)
  object space 44032K, 31% used [0x0000000780000000,0x0000000780d54c40,0x0000000782b00000)
 Metaspace       used 20279K, capacity 20852K, committed 21120K, reserved 1067008K
  class space    used 2507K, capacity 2674K, committed 2688K, reserved 1048576K
Event: 49.964 GC heap after
Heap after GC invocations=12 (full 0):
 PSYoungGen      total 23552K, used 1183K [0x00000007aab00000, 0x00000007ac900000, 0x00000007c0000000)
  eden space 16384K, 0% used [0x00000007aab00000,0x00000007aab00000,0x00000007abb00000)
  from space 7168K, 16% used [0x00000007ac200000,0x00000007ac327f20,0x00000007ac900000)
  to   space 7168K, 0% used [0x00000007abb00000,0x00000007abb00000,0x00000007ac200000)
 ParOldGen       total 44032K, used 13931K [0x0000000780000000, 0x0000000782b00000, 0x00000007aab00000)
  object space 44032K, 31% used [0x0000000780000000,0x0000000780d9aca0,0x0000000782b00000)
 Metaspace       used 20279K, capacity 20852K, committed 21120K, reserved 1067008K
  class space    used 2507K, capacity 2674K, committed 2688K, reserved 1048576K
}
Event: 50.524 GC heap before
{Heap before GC invocations=13 (full 0):
 PSYoungGen      total 23552K, used 17567K [0x00000007aab00000, 0x00000007ac900000, 0x00000007c0000000)
  eden space 16384K, 100% used [0x00000007aab00000,0x00000007abb00000,0x00000007abb00000)
  from space 7168K, 16% used [0x00000007ac200000,0x00000007ac327f20,0x00000007ac900000)
  to   space 7168K, 0% used [0x00000007abb00000,0x00000007abb00000,0x00000007ac200000)
 ParOldGen       total 44032K, used 13931K [0x0000000780000000, 0x0000000782b00000, 0x00000007aab00000)
  object space 44032K, 31% used [0x0000000780000000,0x0000000780d9aca0,0x0000000782b00000)
 Metaspace       used 20287K, capacity 20916K, committed 21120K, reserved 1067008K
  class space    used 2507K, capacity 2674K, committed 2688K, reserved 1048576K
Event: 50.526 GC heap after
Heap after GC invocations=13 (full 0):
 PSYoungGen      total 17920K, used 1495K [0x00000007aab00000, 0x00000007ac800000, 0x00000007c0000000)
  eden space 16384K, 0% used [0x00000007aab00000,0x00000007aab00000,0x00000007abb00000)
  from space 1536K, 97% used [0x00000007abb00000,0x00000007abc75d50,0x00000007abc80000)
  to   space 6656K, 0% used [0x00000007ac180000,0x00000007ac180000,0x00000007ac800000)
 ParOldGen       total 44032K, used 14325K [0x0000000780000000, 0x0000000782b00000, 0x00000007aab00000)
  object space 44032K, 32% used [0x0000000780000000,0x0000000780dfd6a0,0x0000000782b00000)
 Metaspace       used 20287K, capacity 20916K, committed 21120K, reserved 1067008K
  class space    used 2507K, capacity 2674K, committed 2688K, reserved 1048576K
}
Event: 51.065 GC heap before
{Heap before GC invocations=14 (full 0):
 PSYoungGen      total 17920K, used 17879K [0x00000007aab00000, 0x00000007ac800000, 0x00000007c0000000)
  eden space 16384K, 100% used [0x00000007aab00000,0x00000007abb00000,0x00000007abb00000)
  from space 1536K, 97% used [0x00000007abb00000,0x00000007abc75d50,0x00000007abc80000)
  to   space 6656K, 0% used [0x00000007ac180000,0x00000007ac180000,0x00000007ac800000)
 ParOldGen       total 44032K, used 14325K [0x0000000780000000, 0x0000000782b00000, 0x00000007aab00000)
  object space 44032K, 32% used [0x0000000780000000,0x0000000780dfd6a0,0x0000000782b00000)
 Metaspace       used 20298K, capacity 20916K, committed 21120K, reserved 1067008K
  class space    used 2507K, capacity 2674K, committed 2688K, reserved 1048576K
Event: 51.066 GC heap after
Heap after GC invocations=14 (full 0):
 PSYoungGen      total 23040K, used 1495K [0x00000007aab00000, 0x00000007ac800000, 0x00000007c0000000)
  eden space 16384K, 0% used [0x00000007aab00000,0x00000007aab00000,0x00000007abb00000)
  from space 6656K, 22% used [0x00000007ac180000,0x00000007ac2f5d50,0x00000007ac800000)
  to   space 6656K, 0% used [0x00000007abb00000,0x00000007abb00000,0x00000007ac180000)
 ParOldGen       total 44032K, used 14618K [0x0000000780000000, 0x0000000782b00000, 0x00000007aab00000)
  object space 44032K, 33% used [0x0000000780000000,0x0000000780e46980,0x0000000782b00000)
 Metaspace       used 20298K, capacity 20916K, committed 21120K, reserved 1067008K
  class space    used 2507K, capacity 2674K, committed 2688K, reserved 1048576K
}
Event: 54.241 GC heap before
{Heap before GC invocations=15 (full 0):
 PSYoungGen      total 23040K, used 8395K [0x00000007aab00000, 0x00000007ac800000, 0x00000007c0000000)
  eden space 16384K, 42% used [0x00000007aab00000,0x00000007ab1bcfe8,0x00000007abb00000)
  from space 6656K, 22% used [0x00000007ac180000,0x00000007ac2f5d50,0x00000007ac800000)
  to   space 6656K, 0% used [0x00000007abb00000,0x00000007abb00000,0x00000007ac180000)
 ParOldGen       total 44032K, used 14618K [0x0000000780000000, 0x0000000782b00000, 0x00000007aab00000)
  object space 44032K, 33% used [0x0000000780000000,0x0000000780e46980,0x0000000782b00000)
 Metaspace       used 20506K, capacity 21076K, committed 21248K, reserved 1067008K
  class space    used 2536K, capacity 2706K, committed 2816K, reserved 1048576K
Event: 54.242 GC heap after
Heap after GC invocations=15 (full 0):
 PSYoungGen      total 23040K, used 383K [0x00000007aab00000, 0x00000007ac800000, 0x00000007c0000000)
  eden space 16384K, 0% used [0x00000007aab00000,0x00000007aab00000,0x00000007abb00000)
  from space 6656K, 5% used [0x00000007abb00000,0x00000007abb5fdc0,0x00000007ac180000)
  to   space 6656K, 0% used [0x00000007ac180000,0x00000007ac180000,0x00000007ac800000)
 ParOldGen       total 44032K, used 14957K [0x0000000780000000, 0x0000000782b00000, 0x00000007aab00000)
  object space 44032K, 33% used [0x0000000780000000,0x0000000780e9b7f0,0x0000000782b00000)
 Metaspace       used 20506K, capacity 21076K, committed 21248K, reserved 1067008K
  class space    used 2536K, capacity 2706K, committed 2816K, reserved 1048576K
}
Event: 54.242 GC heap before
{Heap before GC invocations=16 (full 1):
 PSYoungGen      total 23040K, used 383K [0x00000007aab00000, 0x00000007ac800000, 0x00000007c0000000)
  eden space 16384K, 0% used [0x00000007aab00000,0x00000007aab00000,0x00000007abb00000)
  from space 6656K, 5% used [0x00000007abb00000,0x00000007abb5fdc0,0x00000007ac180000)
  to   space 6656K, 0% used [0x00000007ac180000,0x00000007ac180000,0x00000007ac800000)
 ParOldGen       total 44032K, used 14957K [0x0000000780000000, 0x0000000782b00000, 0x00000007aab00000)
  object space 44032K, 33% used [0x0000000780000000,0x0000000780e9b7f0,0x0000000782b00000)
 Metaspace       used 20506K, capacity 21076K, committed 21248K, reserved 1067008K
  class space    used 2536K, capacity 2706K, committed 2816K, reserved 1048576K
Event: 54.308 GC heap after
Heap after GC invocations=16 (full 1):
 PSYoungGen      total 23040K, used 0K [0x00000007aab00000, 0x00000007ac800000, 0x00000007c0000000)
  eden space 16384K, 0% used [0x00000007aab00000,0x00000007aab00000,0x00000007abb00000)
  from space 6656K, 0% used [0x00000007abb00000,0x00000007abb00000,0x00000007ac180000)
  to   space 6656K, 0% used [0x00000007ac180000,0x00000007ac180000,0x00000007ac800000)
 ParOldGen       total 31744K, used 11886K [0x0000000780000000, 0x0000000781f00000, 0x00000007aab00000)
  object space 31744K, 37% used [0x0000000780000000,0x0000000780b9ba70,0x0000000781f00000)
 Metaspace       used 20506K, capacity 21076K, committed 21248K, reserved 1067008K
  class space    used 2536K, capacity 2706K, committed 2816K, reserved 1048576K
}

Deoptimization events (10 events):
Event: 21.041 Thread 0x00007fa6cd274800 Uncommon trap: reason=unstable_if action=reinterpret pc=0x0000000110477c54 method=java.lang.CharacterData.of(I)Ljava/lang/CharacterData; @ 4
Event: 21.127 Thread 0x00007fa6cd274800 Uncommon trap: reason=class_check action=maybe_recompile pc=0x000000011022db2c method=java.lang.String.equals(Ljava/lang/Object;)Z @ 8
Event: 21.147 Thread 0x00007fa6cd274800 Uncommon trap: reason=bimorphic action=maybe_recompile pc=0x000000011044f890 method=java.io.DataInputStream.readChar()C @ 4
Event: 21.147 Thread 0x00007fa6cd274800 Uncommon trap: reason=bimorphic action=maybe_recompile pc=0x000000011044f890 method=java.io.DataInputStream.readChar()C @ 4
Event: 21.147 Thread 0x00007fa6cd274800 Uncommon trap: reason=bimorphic action=maybe_recompile pc=0x000000011044f890 method=java.io.DataInputStream.readChar()C @ 4
Event: 21.147 Thread 0x00007fa6cd274800 Uncommon trap: reason=bimorphic action=maybe_recompile pc=0x000000011044f890 method=java.io.DataInputStream.readChar()C @ 4
Event: 25.091 Thread 0x00007fa6cd274800 Uncommon trap: reason=unstable_if action=reinterpret pc=0x00000001105cfca0 method=jdk.internal.org.objectweb.asm.Type.getArgumentsAndReturnSizes(Ljava/lang/String;)I @ 47
Event: 44.522 Thread 0x00007fa6cd274800 Uncommon trap: reason=unstable_if action=reinterpret pc=0x00000001102f40f0 method=sun.awt.image.OffScreenImageSource.sendPixels()V @ 663
Event: 54.399 Thread 0x00007fa6cd274800 Uncommon trap: reason=unstable_if action=reinterpret pc=0x000000011044e2a8 method=java.lang.AbstractStringBuilder.append(Ljava/lang/String;)Ljava/lang/AbstractStringBuilder; @ 1
Event: 54.401 Thread 0x00007fa6cd274800 Uncommon trap: reason=unstable_if action=reinterpret pc=0x00000001103719c8 method=java.lang.AbstractStringBuilder.append(Ljava/lang/String;)Ljava/lang/AbstractStringBuilder; @ 1

Classes redefined (0 events):
No events

Internal exceptions (10 events):
Event: 0.723 Thread 0x00007fa6cd002000 Exception <a 'java/security/PrivilegedActionException'> (0x00000007ab0554b8) thrown at [/Users/java_re/workspace/8-2-build-macosx-x86_64/jdk8u181/11358/hotspot/src/share/vm/prims/jvm.cpp, line 1435]
Event: 0.723 Thread 0x00007fa6cd002000 Exception <a 'java/security/PrivilegedActionException'> (0x00000007ab0556c8) thrown at [/Users/java_re/workspace/8-2-build-macosx-x86_64/jdk8u181/11358/hotspot/src/share/vm/prims/jvm.cpp, line 1435]
Event: 0.723 Thread 0x00007fa6cd002000 Exception <a 'java/lang/NullPointerException'> (0x00000007ab056718) thrown at [/Users/java_re/workspace/8-2-build-macosx-x86_64/jdk8u181/11358/hotspot/src/share/vm/interpreter/linkResolver.cpp, line 1185]
Event: 3.328 Thread 0x00007fa6cd274800 Exception <a 'java/io/FileNotFoundException'> (0x00000007aafcb890) thrown at [/Users/java_re/workspace/8-2-build-macosx-x86_64/jdk8u181/11358/hotspot/src/share/vm/prims/jni.cpp, line 709]
Event: 3.329 Thread 0x00007fa6cd274800 Exception <a 'java/io/FileNotFoundException'> (0x00000007aafcc3f0) thrown at [/Users/java_re/workspace/8-2-build-macosx-x86_64/jdk8u181/11358/hotspot/src/share/vm/prims/jni.cpp, line 709]
Event: 20.056 Thread 0x00007fa6cd274800 Exception <a 'java/lang/NullPointerException'> (0x00000007ab40e958) thrown at [/Users/java_re/workspace/8-2-build-macosx-x86_64/jdk8u181/11358/hotspot/src/share/vm/interpreter/linkResolver.cpp, line 1185]
Event: 20.056 Thread 0x00007fa6cd274800 Exception <a 'java/lang/NullPointerException'> (0x00000007ab40e958) thrown at [/Users/java_re/workspace/8-2-build-macosx-x86_64/jdk8u181/11358/hotspot/src/share/vm/prims/jvm.cpp, line 1439]
Event: 20.370 Thread 0x00007fa6cd274800 Implicit null exception at 0x000000011043b1d8 to 0x000000011043b266
Event: 54.399 Thread 0x00007fa6cd274800 Implicit null exception at 0x000000011044dd76 to 0x000000011044e28d
Event: 54.401 Thread 0x00007fa6cd274800 Implicit null exception at 0x00000001103714b6 to 0x00000001103719b1

Events (10 events):
Event: 55.956 loading class javafx/application/Application done
Event: 55.966 loading class com/sun/javafx/tk/quantum/QuantumRenderer
Event: 55.966 loading class com/sun/javafx/tk/quantum/QuantumRenderer done
Event: 55.967 loading class com/sun/javafx/tk/quantum/QuantumToolkit
Event: 55.967 loading class com/sun/javafx/tk/quantum/QuantumToolkit done
Event: 55.968 Thread 0x00007fa6cc10a000 Thread exited: 0x00007fa6cc10a000
Event: 55.968 Thread 0x00007fa6cd274800 Thread exited: 0x00007fa6cd274800
Event: 55.968 Thread 0x00007fa6cd90c000 Thread exited: 0x00007fa6cd90c000
Event: 55.969 Thread 0x00007fa6cd002000 Thread exited: 0x00007fa6cd002000
Event: 55.969 Thread 0x00007fa6cc10a000 Thread added: 0x00007fa6cc10a000


Dynamic libraries:
0x00007fff2cd87000 	/System/Library/Frameworks/Cocoa.framework/Versions/A/Cocoa
0x00007fff3a353000 	/System/Library/Frameworks/Security.framework/Versions/A/Security
0x00007fff2bd12000 	/System/Library/Frameworks/ApplicationServices.framework/Versions/A/ApplicationServices
0x00007fff64738000 	/usr/lib/libz.1.dylib
0x00007fff6220b000 	/usr/lib/libSystem.B.dylib
0x00007fff6405c000 	/usr/lib/libobjc.A.dylib
0x00007fff2dcfd000 	/System/Library/Frameworks/CoreFoundation.framework/Versions/A/CoreFoundation
0x00007fff303c2000 	/System/Library/Frameworks/Foundation.framework/Versions/C/Foundation
0x00007fff2af07000 	/System/Library/Frameworks/AppKit.framework/Versions/C/AppKit
0x00007fff2d80a000 	/System/Library/Frameworks/CoreData.framework/Versions/A/CoreData
0x00007fff5eab6000 	/System/Library/PrivateFrameworks/UIFoundation.framework/Versions/A/UIFoundation
0x00007fff592a1000 	/System/Library/PrivateFrameworks/RemoteViewServices.framework/Versions/A/RemoteViewServices
0x00007fff61546000 	/System/Library/PrivateFrameworks/XCTTargetBootstrap.framework/Versions/A/XCTTargetBootstrap
0x00007fff2dbed000 	/System/Library/Frameworks/CoreDisplay.framework/Versions/A/CoreDisplay
0x00007fff3313a000 	/System/Library/Frameworks/Metal.framework/Versions/A/Metal
0x00007fff476c2000 	/System/Library/PrivateFrameworks/DesktopServicesPriv.framework/Versions/A/DesktopServicesPriv
0x00007fff63341000 	/usr/lib/liblangid.dylib
0x00007fff46819000 	/System/Library/PrivateFrameworks/CoreSVG.framework/Versions/A/CoreSVG
0x00007fff5c063000 	/System/Library/PrivateFrameworks/SkyLight.framework/Versions/A/SkyLight
0x00007fff2e17f000 	/System/Library/Frameworks/CoreGraphics.framework/Versions/A/CoreGraphics
0x00007fff29aa6000 	/System/Library/Frameworks/Accelerate.framework/Versions/A/Accelerate
0x00007fff64629000 	/usr/lib/libxml2.2.dylib
0x00007fff523e0000 	/System/Library/PrivateFrameworks/IconServices.framework/Versions/A/IconServices
0x00007fff30ba6000 	/System/Library/Frameworks/IOSurface.framework/Versions/A/IOSurface
0x00007fff61d43000 	/usr/lib/libDiagnosticMessagesClient.dylib
0x00007fff4753b000 	/System/Library/PrivateFrameworks/DFRFoundation.framework/Versions/A/DFRFoundation
0x00007fff630cf000 	/usr/lib/libicucore.A.dylib
0x00007fff2c044000 	/System/Library/Frameworks/AudioToolbox.framework/Versions/A/AudioToolbox
0x00007fff2c126000 	/System/Library/Frameworks/AudioUnit.framework/Versions/A/AudioUnit
0x00007fff6240c000 	/usr/lib/libauto.dylib
0x00007fff475bc000 	/System/Library/PrivateFrameworks/DataDetectorsCore.framework/Versions/A/DataDetectorsCore
0x00007fff2c8a7000 	/System/Library/Frameworks/Carbon.framework/Versions/A/Frameworks/HIToolbox.framework/Versions/A/HIToolbox
0x00007fff39585000 	/System/Library/Frameworks/QuartzCore.framework/Versions/A/QuartzCore
0x00007fff2cbe6000 	/System/Library/Frameworks/Carbon.framework/Versions/A/Frameworks/SpeechRecognition.framework/Versions/A/SpeechRecognition
0x00007fff46ec1000 	/System/Library/PrivateFrameworks/CoreUI.framework/Versions/A/CoreUI
0x00007fff2d270000 	/System/Library/Frameworks/CoreAudio.framework/Versions/A/CoreAudio
0x00007fff3008a000 	/System/Library/Frameworks/DiskArbitration.framework/Versions/A/DiskArbitration
0x00007fff543f4000 	/System/Library/PrivateFrameworks/MultitouchSupport.framework/Versions/A/MultitouchSupport
0x00007fff62f95000 	/usr/lib/libenergytrace.dylib
0x00007fff30b01000 	/System/Library/Frameworks/IOKit.framework/Versions/A/IOKit
0x00007fff2f0ed000 	/System/Library/Frameworks/CoreServices.framework/Versions/A/CoreServices
0x00007fff564fe000 	/System/Library/PrivateFrameworks/PerformanceAnalysis.framework/Versions/A/PerformanceAnalysis
0x00007fff385bb000 	/System/Library/Frameworks/OpenGL.framework/Versions/A/OpenGL
0x00007fff2cd95000 	/System/Library/Frameworks/ColorSync.framework/Versions/A/ColorSync
0x00007fff2e806000 	/System/Library/Frameworks/CoreImage.framework/Versions/A/CoreImage
0x00007fff2fb63000 	/System/Library/Frameworks/CoreText.framework/Versions/A/CoreText
0x00007fff30c2c000 	/System/Library/Frameworks/ImageIO.framework/Versions/A/ImageIO
0x00007fff624f1000 	/usr/lib/libc++.1.dylib
0x00007fff6256d000 	/usr/lib/libcompression.dylib
0x00007fff62085000 	/usr/lib/libMobileGestalt.dylib
0x00007fff5db98000 	/System/Library/PrivateFrameworks/TextureIO.framework/Versions/A/TextureIO
0x00007fff62372000 	/usr/lib/libate.dylib
0x00007fff525e9000 	/System/Library/PrivateFrameworks/InternationalSupport.framework/Versions/A/InternationalSupport
0x00007fff651ae000 	/usr/lib/system/libcache.dylib
0x00007fff651b4000 	/usr/lib/system/libcommonCrypto.dylib
0x00007fff651c0000 	/usr/lib/system/libcompiler_rt.dylib
0x00007fff651c8000 	/usr/lib/system/libcopyfile.dylib
0x00007fff651d2000 	/usr/lib/system/libcorecrypto.dylib
0x00007fff65380000 	/usr/lib/system/libdispatch.dylib
0x00007fff653c2000 	/usr/lib/system/libdyld.dylib
0x00007fff653f8000 	/usr/lib/system/libkeymgr.dylib
0x00007fff65406000 	/usr/lib/system/liblaunch.dylib
0x00007fff65407000 	/usr/lib/system/libmacho.dylib
0x00007fff6540d000 	/usr/lib/system/libquarantine.dylib
0x00007fff65410000 	/usr/lib/system/libremovefile.dylib
0x00007fff65412000 	/usr/lib/system/libsystem_asl.dylib
0x00007fff6542a000 	/usr/lib/system/libsystem_blocks.dylib
0x00007fff6542b000 	/usr/lib/system/libsystem_c.dylib
0x00007fff654b3000 	/usr/lib/system/libsystem_configuration.dylib
0x00007fff654b7000 	/usr/lib/system/libsystem_coreservices.dylib
0x00007fff654bb000 	/usr/lib/system/libsystem_darwin.dylib
0x00007fff654c4000 	/usr/lib/system/libsystem_dnssd.dylib
0x00007fff654cc000 	/usr/lib/system/libsystem_featureflags.dylib
0x00007fff654ce000 	/usr/lib/system/libsystem_info.dylib
0x00007fff65549000 	/usr/lib/system/libsystem_m.dylib
0x00007fff65591000 	/usr/lib/system/libsystem_malloc.dylib
0x00007fff655b9000 	/usr/lib/system/libsystem_networkextension.dylib
0x00007fff655c7000 	/usr/lib/system/libsystem_notify.dylib
0x00007fff655e6000 	/usr/lib/system/libsystem_sandbox.dylib
0x00007fff655eb000 	/usr/lib/system/libsystem_secinit.dylib
0x00007fff6551c000 	/usr/lib/system/libsystem_kernel.dylib
0x00007fff655d1000 	/usr/lib/system/libsystem_platform.dylib
0x00007fff655db000 	/usr/lib/system/libsystem_pthread.dylib
0x00007fff655ee000 	/usr/lib/system/libsystem_symptoms.dylib
0x00007fff655f6000 	/usr/lib/system/libsystem_trace.dylib
0x00007fff6560e000 	/usr/lib/system/libunwind.dylib
0x00007fff65614000 	/usr/lib/system/libxpc.dylib
0x00007fff62545000 	/usr/lib/libc++abi.dylib
0x00007fff63343000 	/usr/lib/liblzma.5.dylib
0x00007fff62fbd000 	/usr/lib/libfakelink.dylib
0x00007fff622ff000 	/usr/lib/libarchive.2.dylib
0x00007fff3b4f3000 	/System/Library/Frameworks/SystemConfiguration.framework/Versions/A/SystemConfiguration
0x00007fff61c74000 	/usr/lib/libCRFSuite.dylib
0x00007fff2c49c000 	/System/Library/Frameworks/CFNetwork.framework/Versions/A/CFNetwork
0x00007fff624d3000 	/usr/lib/libbsm.0.dylib
0x00007fff653f9000 	/usr/lib/system/libkxld.dylib
0x00007fff40ffd000 	/System/Library/PrivateFrameworks/AppleFSCompression.framework/Versions/A/AppleFSCompression
0x00007fff62854000 	/usr/lib/libcoretls.dylib
0x00007fff6286b000 	/usr/lib/libcoretls_cfhelpers.dylib
0x00007fff640a0000 	/usr/lib/libpam.2.dylib
0x00007fff641d3000 	/usr/lib/libsqlite3.dylib
0x00007fff64616000 	/usr/lib/libxar.1.dylib
0x00007fff624e4000 	/usr/lib/libbz2.1.0.dylib
0x00007fff62fde000 	/usr/lib/libiconv.2.dylib
0x00007fff6255a000 	/usr/lib/libcharset.1.dylib
0x00007fff63b47000 	/usr/lib/libnetwork.dylib
0x00007fff640a7000 	/usr/lib/libpcap.A.dylib
0x00007fff622b4000 	/usr/lib/libapple_nghttp2.dylib
0x00007fff2f4a4000 	/System/Library/Frameworks/CoreServices.framework/Versions/A/Frameworks/FSEvents.framework/Versions/A/FSEvents
0x00007fff2f174000 	/System/Library/Frameworks/CoreServices.framework/Versions/A/Frameworks/CarbonCore.framework/Versions/A/CarbonCore
0x00007fff2f6e7000 	/System/Library/Frameworks/CoreServices.framework/Versions/A/Frameworks/Metadata.framework/Versions/A/Metadata
0x00007fff2f780000 	/System/Library/Frameworks/CoreServices.framework/Versions/A/Frameworks/OSServices.framework/Versions/A/OSServices
0x00007fff2f7ae000 	/System/Library/Frameworks/CoreServices.framework/Versions/A/Frameworks/SearchKit.framework/Versions/A/SearchKit
0x00007fff2f0ee000 	/System/Library/Frameworks/CoreServices.framework/Versions/A/Frameworks/AE.framework/Versions/A/AE
0x00007fff2f4ad000 	/System/Library/Frameworks/CoreServices.framework/Versions/A/Frameworks/LaunchServices.framework/Versions/A/LaunchServices
0x00007fff2f456000 	/System/Library/Frameworks/CoreServices.framework/Versions/A/Frameworks/DictionaryServices.framework/Versions/A/DictionaryServices
0x00007fff2f816000 	/System/Library/Frameworks/CoreServices.framework/Versions/A/Frameworks/SharedFileList.framework/Versions/A/SharedFileList
0x00007fff3440f000 	/System/Library/Frameworks/NetFS.framework/Versions/A/NetFS
0x00007fff54921000 	/System/Library/PrivateFrameworks/NetAuth.framework/Versions/A/NetAuth
0x00007fff61911000 	/System/Library/PrivateFrameworks/login.framework/Versions/A/Frameworks/loginsupport.framework/Versions/A/loginsupport
0x00007fff5d693000 	/System/Library/PrivateFrameworks/TCC.framework/Versions/A/TCC
0x00007fff45be8000 	/System/Library/PrivateFrameworks/CoreNLP.framework/Versions/A/CoreNLP
0x00007fff53e24000 	/System/Library/PrivateFrameworks/MetadataUtilities.framework/Versions/A/MetadataUtilities
0x00007fff6341b000 	/usr/lib/libmecabra.dylib
0x00007fff63373000 	/usr/lib/libmecab.dylib
0x00007fff62fce000 	/usr/lib/libgermantok.dylib
0x00007fff6229b000 	/usr/lib/libThaiTokenizer.dylib
0x00007fff61cac000 	/usr/lib/libChineseTokenizer.dylib
0x00007fff29abe000 	/System/Library/Frameworks/Accelerate.framework/Versions/A/Frameworks/vImage.framework/Versions/A/vImage
0x00007fff2ad61000 	/System/Library/Frameworks/Accelerate.framework/Versions/A/Frameworks/vecLib.framework/Versions/A/vecLib
0x00007fff2aca5000 	/System/Library/Frameworks/Accelerate.framework/Versions/A/Frameworks/vecLib.framework/Versions/A/libvMisc.dylib
0x00007fff2aacb000 	/System/Library/Frameworks/Accelerate.framework/Versions/A/Frameworks/vecLib.framework/Versions/A/libvDSP.dylib
0x00007fff2a12a000 	/System/Library/Frameworks/Accelerate.framework/Versions/A/Frameworks/vecLib.framework/Versions/A/libBLAS.dylib
0x00007fff2a685000 	/System/Library/Frameworks/Accelerate.framework/Versions/A/Frameworks/vecLib.framework/Versions/A/libLAPACK.dylib
0x00007fff2aa2b000 	/System/Library/Frameworks/Accelerate.framework/Versions/A/Frameworks/vecLib.framework/Versions/A/libLinearAlgebra.dylib
0x00007fff2aab8000 	/System/Library/Frameworks/Accelerate.framework/Versions/A/Frameworks/vecLib.framework/Versions/A/libSparseBLAS.dylib
0x00007fff2aa41000 	/System/Library/Frameworks/Accelerate.framework/Versions/A/Frameworks/vecLib.framework/Versions/A/libQuadrature.dylib
0x00007fff2a394000 	/System/Library/Frameworks/Accelerate.framework/Versions/A/Frameworks/vecLib.framework/Versions/A/libBNNS.dylib
0x00007fff2aa47000 	/System/Library/Frameworks/Accelerate.framework/Versions/A/Frameworks/vecLib.framework/Versions/A/libSparse.dylib
0x00007fff529a8000 	/System/Library/PrivateFrameworks/LanguageModeling.framework/Versions/A/LanguageModeling
0x00007fff45584000 	/System/Library/PrivateFrameworks/CoreEmoji.framework/Versions/A/CoreEmoji
0x00007fff52ac6000 	/System/Library/PrivateFrameworks/LinguisticData.framework/Versions/A/LinguisticData
0x00007fff52a77000 	/System/Library/PrivateFrameworks/Lexicon.framework/Versions/A/Lexicon
0x00007fff6255b000 	/usr/lib/libcmph.dylib
0x00007fff36fe1000 	/System/Library/Frameworks/OpenDirectory.framework/Versions/A/Frameworks/CFOpenDirectory.framework/Versions/A/CFOpenDirectory
0x00007fff36ffe000 	/System/Library/Frameworks/OpenDirectory.framework/Versions/A/OpenDirectory
0x00007fff3f2cc000 	/System/Library/PrivateFrameworks/APFS.framework/Versions/A/APFS
0x00007fff3a6a6000 	/System/Library/Frameworks/SecurityFoundation.framework/Versions/A/SecurityFoundation
0x00007fff64612000 	/usr/lib/libutil.dylib
0x00007fff46871000 	/System/Library/PrivateFrameworks/CoreServicesStore.framework/Versions/A/CoreServicesStore
0x00007fff3a75e000 	/System/Library/Frameworks/ServiceManagement.framework/Versions/A/ServiceManagement
0x00007fff427b4000 	/System/Library/PrivateFrameworks/BackgroundTaskManagement.framework/Versions/A/BackgroundTaskManagement
0x00007fff6470f000 	/usr/lib/libxslt.1.dylib
0x00007fff41662000 	/System/Library/PrivateFrameworks/AppleSystemInfo.framework/Versions/A/AppleSystemInfo
0x00007fff30e49000 	/System/Library/Frameworks/ImageIO.framework/Versions/A/Resources/libJPEG.dylib
0x00007fff31108000 	/System/Library/Frameworks/ImageIO.framework/Versions/A/Resources/libTIFF.dylib
0x00007fff310eb000 	/System/Library/Frameworks/ImageIO.framework/Versions/A/Resources/libPng.dylib
0x00007fff30d8a000 	/System/Library/Frameworks/ImageIO.framework/Versions/A/Resources/libGIF.dylib
0x00007fff30d8e000 	/System/Library/Frameworks/ImageIO.framework/Versions/A/Resources/libJP2.dylib
0x00007fff31106000 	/System/Library/Frameworks/ImageIO.framework/Versions/A/Resources/libRadiance.dylib
0x00007fff62f96000 	/usr/lib/libexpat.1.dylib
0x00007fff41158000 	/System/Library/PrivateFrameworks/AppleJPEG.framework/Versions/A/AppleJPEG
0x00007fff49ade000 	/System/Library/PrivateFrameworks/FontServices.framework/libFontParser.dylib
0x00007fff60968000 	/System/Library/PrivateFrameworks/WatchdogClient.framework/Versions/A/WatchdogClient
0x00007fff52035000 	/System/Library/PrivateFrameworks/IOAccelerator.framework/Versions/A/IOAccelerator
0x00007fff334c8000 	/System/Library/Frameworks/MetalPerformanceShaders.framework/Versions/A/MetalPerformanceShaders
0x00007fff4e82c000 	/System/Library/PrivateFrameworks/GPUWrangler.framework/Versions/A/GPUWrangler
0x00007fff52040000 	/System/Library/PrivateFrameworks/IOPresentment.framework/Versions/A/IOPresentment
0x00007fff4754e000 	/System/Library/PrivateFrameworks/DSExternalDisplay.framework/Versions/A/DSExternalDisplay
0x00007fff37967000 	/System/Library/Frameworks/OpenGL.framework/Versions/A/Libraries/libCoreFSCache.dylib
0x00007fff3321a000 	/System/Library/Frameworks/MetalPerformanceShaders.framework/Frameworks/MPSCore.framework/Versions/A/MPSCore
0x00007fff33257000 	/System/Library/Frameworks/MetalPerformanceShaders.framework/Frameworks/MPSImage.framework/Versions/A/MPSImage
0x00007fff33319000 	/System/Library/Frameworks/MetalPerformanceShaders.framework/Frameworks/MPSNeuralNetwork.framework/Versions/A/MPSNeuralNetwork
0x00007fff332de000 	/System/Library/Frameworks/MetalPerformanceShaders.framework/Frameworks/MPSMatrix.framework/Versions/A/MPSMatrix
0x00007fff33479000 	/System/Library/Frameworks/MetalPerformanceShaders.framework/Frameworks/MPSRayIntersector.framework/Versions/A/MPSRayIntersector
0x00007fff33303000 	/System/Library/Frameworks/MetalPerformanceShaders.framework/Frameworks/MPSNDArray.framework/Versions/A/MPSNDArray
0x00007fff53e71000 	/System/Library/PrivateFrameworks/MetalTools.framework/Versions/A/MetalTools
0x00007fff40483000 	/System/Library/PrivateFrameworks/AggregateDictionary.framework/Versions/A/AggregateDictionary
0x00007fff4500e000 	/System/Library/PrivateFrameworks/CoreAnalytics.framework/Versions/A/CoreAnalytics
0x00007fff41580000 	/System/Library/PrivateFrameworks/AppleSauce.framework/Versions/A/AppleSauce
0x00007fff61f68000 	/usr/lib/libIOReport.dylib
0x00007fff2fd18000 	/System/Library/Frameworks/CoreVideo.framework/Versions/A/CoreVideo
0x00007fff4fc98000 	/System/Library/PrivateFrameworks/GraphVisualizer.framework/Versions/A/GraphVisualizer
0x00007fff4905f000 	/System/Library/PrivateFrameworks/FaceCore.framework/Versions/A/FaceCore
0x00007fff36f88000 	/System/Library/Frameworks/OpenCL.framework/Versions/A/OpenCL
0x00007fff61d8a000 	/usr/lib/libFosl_dynamic.dylib
0x00007fff5531c000 	/System/Library/PrivateFrameworks/OTSVG.framework/Versions/A/OTSVG
0x00007fff2be17000 	/System/Library/Frameworks/ApplicationServices.framework/Versions/A/Frameworks/ATS.framework/Versions/A/Resources/libFontRegistry.dylib
0x00007fff49caf000 	/System/Library/PrivateFrameworks/FontServices.framework/libhvf.dylib
0x00007fff37972000 	/System/Library/Frameworks/OpenGL.framework/Versions/A/Libraries/libGFXShared.dylib
0x00007fff37b4f000 	/System/Library/Frameworks/OpenGL.framework/Versions/A/Libraries/libGLU.dylib
0x00007fff3797b000 	/System/Library/Frameworks/OpenGL.framework/Versions/A/Libraries/libGL.dylib
0x00007fff37986000 	/System/Library/Frameworks/OpenGL.framework/Versions/A/Libraries/libGLImage.dylib
0x00007fff37964000 	/System/Library/Frameworks/OpenGL.framework/Versions/A/Libraries/libCVMSPluginSupport.dylib
0x00007fff3796d000 	/System/Library/Frameworks/OpenGL.framework/Versions/A/Libraries/libCoreVMClient.dylib
0x00007fff639e9000 	/usr/lib/libncurses.5.4.dylib
0x00007fff2bd13000 	/System/Library/Frameworks/ApplicationServices.framework/Versions/A/Frameworks/ATS.framework/Versions/A/ATS
0x00007fff2bee0000 	/System/Library/Frameworks/ApplicationServices.framework/Versions/A/Frameworks/ColorSyncLegacy.framework/Versions/A/ColorSyncLegacy
0x00007fff2bf7f000 	/System/Library/Frameworks/ApplicationServices.framework/Versions/A/Frameworks/HIServices.framework/Versions/A/HIServices
0x00007fff2bfd6000 	/System/Library/Frameworks/ApplicationServices.framework/Versions/A/Frameworks/LangAnalysis.framework/Versions/A/LangAnalysis
0x00007fff2bfe5000 	/System/Library/Frameworks/ApplicationServices.framework/Versions/A/Frameworks/PrintCore.framework/Versions/A/PrintCore
0x00007fff2c02b000 	/System/Library/Frameworks/ApplicationServices.framework/Versions/A/Frameworks/QD.framework/Versions/A/QD
0x00007fff2c036000 	/System/Library/Frameworks/ApplicationServices.framework/Versions/A/Frameworks/SpeechSynthesis.framework/Versions/A/SpeechSynthesis
0x00007fff2beb0000 	/System/Library/Frameworks/ApplicationServices.framework/Versions/A/Frameworks/ATSUI.framework/Versions/A/ATSUI
0x00007fff62e2a000 	/usr/lib/libcups.2.dylib
0x00007fff32577000 	/System/Library/Frameworks/Kerberos.framework/Versions/A/Kerberos
0x00007fff307f7000 	/System/Library/Frameworks/GSS.framework/Versions/A/GSS
0x00007fff6415f000 	/usr/lib/libresolv.9.dylib
0x00007fff4fe39000 	/System/Library/PrivateFrameworks/Heimdal.framework/Versions/A/Heimdal
0x00007fff3258a000 	/System/Library/Frameworks/Kerberos.framework/Versions/A/Libraries/libHeimdalProxy.dylib
0x00007fff62fd4000 	/usr/lib/libheimdal-asn1.dylib
0x00007fff444b4000 	/System/Library/PrivateFrameworks/CommonAuth.framework/Versions/A/CommonAuth
0x00007fff416ff000 	/System/Library/PrivateFrameworks/AssertionServices.framework/Versions/A/AssertionServices
0x00007fff422a2000 	/System/Library/PrivateFrameworks/AudioToolboxCore.framework/Versions/A/AudioToolboxCore
0x00007fff615c2000 	/System/Library/PrivateFrameworks/caulk.framework/Versions/A/caulk
0x00007fff42860000 	/System/Library/PrivateFrameworks/BaseBoard.framework/Versions/A/BaseBoard
0x00007fff59430000 	/System/Library/PrivateFrameworks/RunningBoardServices.framework/Versions/A/RunningBoardServices
0x00007fff5650a000 	/System/Library/PrivateFrameworks/PersistentConnection.framework/Versions/A/PersistentConnection
0x00007fff58e7f000 	/System/Library/PrivateFrameworks/ProtocolBuffer.framework/Versions/A/ProtocolBuffer
0x00007fff444d9000 	/System/Library/PrivateFrameworks/CommonUtilities.framework/Versions/A/CommonUtilities
0x00007fff429e3000 	/System/Library/PrivateFrameworks/Bom.framework/Versions/A/Bom
0x00007fff61c37000 	/usr/lib/libAudioToolboxUtility.dylib
0x00007fff427be000 	/System/Library/PrivateFrameworks/Backup.framework/Versions/A/Backup
0x00007fff472be000 	/System/Library/PrivateFrameworks/CrashReporterSupport.framework/Versions/A/CrashReporterSupport
0x00007fff5af27000 	/System/Library/PrivateFrameworks/Sharing.framework/Versions/A/Sharing
0x00007fff40ea3000 	/System/Library/PrivateFrameworks/Apple80211.framework/Versions/A/Apple80211
0x00007fff424e0000 	/System/Library/PrivateFrameworks/AuthKit.framework/Versions/A/AuthKit
0x00007fff46fee000 	/System/Library/PrivateFrameworks/CoreUtils.framework/Versions/A/CoreUtils
0x00007fff2fd5d000 	/System/Library/Frameworks/CoreWLAN.framework/Versions/A/CoreWLAN
0x00007fff30982000 	/System/Library/Frameworks/IOBluetooth.framework/Versions/A/IOBluetooth
0x00007fff5416f000 	/System/Library/PrivateFrameworks/MobileKeyBag.framework/Versions/A/MobileKeyBag
0x00007fff460c4000 	/System/Library/PrivateFrameworks/CorePhoneNumbers.framework/Versions/A/CorePhoneNumbers
0x00007fff4110b000 	/System/Library/PrivateFrameworks/AppleIDAuthSupport.framework/Versions/A/AppleIDAuthSupport
0x00007fff3441c000 	/System/Library/Frameworks/Network.framework/Versions/A/Network
0x00007fff52830000 	/System/Library/PrivateFrameworks/KeychainCircle.framework/Versions/A/KeychainCircle
0x00007fff2d7d2000 	/System/Library/Frameworks/CoreBluetooth.framework/Versions/A/CoreBluetooth
0x00007fff5cba3000 	/System/Library/PrivateFrameworks/SpeechRecognitionCore.framework/Versions/A/SpeechRecognitionCore
0x000000010d800000 	/Library/Java/JavaVirtualMachines/jdk1.8.0_181.jdk/Contents/Home/jre/lib/server/libjvm.dylib
0x00007fff644e4000 	/usr/lib/libstdc++.6.dylib
0x000000010cf93000 	/Library/Java/JavaVirtualMachines/jdk1.8.0_181.jdk/Contents/Home/jre/lib/libverify.dylib
0x000000010cfa1000 	/Library/Java/JavaVirtualMachines/jdk1.8.0_181.jdk/Contents/Home/jre/lib/libjava.dylib
0x000000010e7b4000 	/Library/Java/JavaVirtualMachines/jdk1.8.0_181.jdk/Contents/Home/jre/lib/libjdwp.dylib
0x000000010cfd8000 	/Library/Java/JavaVirtualMachines/jdk1.8.0_181.jdk/Contents/Home/jre/lib/libnpt.dylib
0x000000010cfdc000 	/Library/Java/JavaVirtualMachines/jdk1.8.0_181.jdk/Contents/Home/jre/lib/libinstrument.dylib
0x000000010e879000 	/Library/Java/JavaVirtualMachines/jdk1.8.0_181.jdk/Contents/Home/jre/lib/libzip.dylib
0x0000000123959000 	/Library/Java/JavaVirtualMachines/jdk1.8.0_181.jdk/Contents/Home/jre/lib/libdt_socket.dylib
0x0000000123bb8000 	/Library/Java/JavaVirtualMachines/jdk1.8.0_181.jdk/Contents/Home/jre/lib/libprism_es2.dylib
0x00007fff4683d000 	/System/Library/PrivateFrameworks/CoreServicesInternal.framework/Versions/A/CoreServicesInternal
0x00007fff385cb000 	/System/Library/Frameworks/OpenGL.framework/Versions/A/Resources/GLEngine.bundle/GLEngine
0x00007fff379bc000 	/System/Library/Frameworks/OpenGL.framework/Versions/A/Libraries/libGLProgrammability.dylib
0x00007fff24956000 	/System/Library/Extensions/AppleIntelBDWGraphicsGLDriver.bundle/Contents/MacOS/AppleIntelBDWGraphicsGLDriver
0x00007fff4e820000 	/System/Library/PrivateFrameworks/GPUSupport.framework/Versions/A/Libraries/libGPUSupportMercury.dylib
0x00007fff38745000 	/System/Library/Frameworks/OpenGL.framework/Versions/A/Resources/GLRendererFloat.bundle/GLRendererFloat
0x00007fff36f7f000 	/System/Library/Frameworks/OpenCL.framework/Versions/A/Libraries/libcldcpuengine.dylib
0x00007fff62a0f000 	/usr/lib/libcrypto.35.dylib
0x00007fff5dddc000 	/System/Library/PrivateFrameworks/TrustEvaluationAgent.framework/Versions/A/TrustEvaluationAgent
0x0000000124094000 	/Library/Java/JavaVirtualMachines/jdk1.8.0_181.jdk/Contents/Home/jre/lib/libglass.dylib
0x00007fff30284000 	/System/Library/Frameworks/FileProvider.framework/Versions/A/FileProvider
0x00007fff2ad62000 	/System/Library/Frameworks/Accounts.framework/Versions/A/Accounts
0x00007fff4eb4e000 	/System/Library/PrivateFrameworks/GenerationalStorage.framework/Versions/A/GenerationalStorage
0x00007fff46da2000 	/System/Library/PrivateFrameworks/CoreSymbolication.framework/Versions/A/CoreSymbolication
0x00007fff5d3d4000 	/System/Library/PrivateFrameworks/SymptomDiagnosticReporter.framework/Versions/A/SymptomDiagnosticReporter
0x00007fff40994000 	/System/Library/PrivateFrameworks/AppContainer.framework/Versions/A/AppContainer
0x00007fff64179000 	/usr/lib/libsandbox.1.dylib
0x00007fff5f904000 	/System/Library/PrivateFrameworks/UserManagement.framework/Versions/A/UserManagement
0x00007fff435a5000 	/System/Library/PrivateFrameworks/ChunkingLibrary.framework/Versions/A/ChunkingLibrary
0x00007fff47683000 	/System/Library/PrivateFrameworks/DebugSymbols.framework/Versions/A/DebugSymbols
0x00007fff40a06000 	/System/Library/PrivateFrameworks/AppSandbox.framework/Versions/A/AppSandbox
0x00007fff5adb1000 	/System/Library/PrivateFrameworks/SecCodeWrapper.framework/Versions/A/SecCodeWrapper
0x00007fff6204e000 	/usr/lib/libMatch.1.dylib
0x00007fff22382000 	/System/Library/CoreServices/RawCamera.bundle/Contents/MacOS/RawCamera
0x00007fff53f99000 	/System/Library/PrivateFrameworks/MobileAsset.framework/Versions/A/MobileAsset
0x00007fff5d282000 	/System/Library/PrivateFrameworks/StreamingZip.framework/Versions/A/StreamingZip
0x00007fff329f3000 	/System/Library/Frameworks/MediaToolbox.framework/Versions/A/MediaToolbox
0x00007fff44fbd000 	/System/Library/PrivateFrameworks/CoreAVCHD.framework/Versions/A/CoreAVCHD
0x00007fff3291d000 	/System/Library/Frameworks/MediaAccessibility.framework/Versions/A/MediaAccessibility
0x00007fff53364000 	/System/Library/PrivateFrameworks/Mangrove.framework/Versions/A/Mangrove
0x00007fff2ef27000 	/System/Library/Frameworks/CoreMedia.framework/Versions/A/CoreMedia
0x00007fff535d0000 	/System/Library/PrivateFrameworks/MediaExperience.framework/Versions/A/MediaExperience
0x00007fff3b7d9000 	/System/Library/Frameworks/VideoToolbox.framework/Versions/A/VideoToolbox
0x00007fff44be7000 	/System/Library/PrivateFrameworks/CoreAUC.framework/Versions/A/CoreAUC
0x00007fff641d1000 	/usr/lib/libspindump.dylib
0x00007fff41c4d000 	/System/Library/PrivateFrameworks/AudioResourceArbitration.framework/Versions/A/AudioResourceArbitration
0x00007fff41666000 	/System/Library/PrivateFrameworks/AppleVA.framework/Versions/A/AppleVA
0x00007fff29aa7000 	/System/Library/Frameworks/Accelerate.framework/Versions/A/Frameworks/vImage.framework/Versions/A/Libraries/libCGInterfaces.dylib
0x000000012571a000 	/usr/lib/libobjc-trampolines.dylib
0x00007fff4948a000 	/System/Library/PrivateFrameworks/FamilyControls.framework/Versions/A/FamilyControls
0x00007fff444a8000 	/System/Library/PrivateFrameworks/CommerceKit.framework/Versions/A/Frameworks/CommerceCore.framework/Versions/A/CommerceCore
0x00007fff5d44f000 	/System/Library/PrivateFrameworks/SystemAdministration.framework/Versions/A/SystemAdministration
0x00007fff47a2a000 	/System/Library/PrivateFrameworks/DiskManagement.framework/Versions/A/DiskManagement
0x00007fff2ffae000 	/System/Library/Frameworks/DirectoryService.framework/Versions/A/DirectoryService
0x00007fff47961000 	/System/Library/PrivateFrameworks/DiskImages.framework/Versions/A/DiskImages
0x00007fff52b6e000 	/System/Library/PrivateFrameworks/LoginUIKit.framework/Versions/A/Frameworks/LoginUICore.framework/Versions/A/LoginUICore
0x00007fff61cb7000 	/usr/lib/libCoreStorage.dylib
0x00007fff62e17000 	/usr/lib/libcsfde.dylib
0x00007fff6408e000 	/usr/lib/libodfde.dylib
0x00007fff5365b000 	/System/Library/PrivateFrameworks/MediaKit.framework/Versions/A/MediaKit
0x00007fff2ffba000 	/System/Library/Frameworks/DiscRecording.framework/Versions/A/DiscRecording
0x00007fff47bd9000 	/System/Library/PrivateFrameworks/EFILogin.framework/Versions/A/EFILogin
0x00007fff58e24000 	/System/Library/PrivateFrameworks/ProtectedCloudStorage.framework/Versions/A/ProtectedCloudStorage
0x00007fff62e8b000 	/usr/lib/libcurl.4.dylib
0x00007fff62d10000 	/usr/lib/libcrypto.44.dylib
0x00007fff644b4000 	/usr/lib/libssl.46.dylib
0x00007fff3258b000 	/System/Library/Frameworks/LDAP.framework/Versions/A/LDAP
0x00007fff641be000 	/usr/lib/libsasl2.2.dylib
0x00007fff452f8000 	/System/Library/PrivateFrameworks/CoreDaemon.framework/Versions/B/CoreDaemon
0x00007fff4157b000 	/System/Library/PrivateFrameworks/AppleSRP.framework/Versions/A/AppleSRP
0x00007fff606d8000 	/System/Library/PrivateFrameworks/ViewBridge.framework/Versions/A/ViewBridge
0x0000000126927000 	/Library/Java/JavaVirtualMachines/jdk1.8.0_181.jdk/Contents/Home/jre/lib/libnio.dylib
0x0000000126937000 	/Library/Java/JavaVirtualMachines/jdk1.8.0_181.jdk/Contents/Home/jre/lib/libnet.dylib
0x0000000126996000 	/Library/Java/JavaVirtualMachines/jdk1.8.0_181.jdk/Contents/Home/jre/lib/libsunec.dylib
0x00000001269be000 	/Library/Java/JavaVirtualMachines/jdk1.8.0_181.jdk/Contents/Home/jre/lib/libawt.dylib
0x0000000126f25000 	/Library/Java/JavaVirtualMachines/jdk1.8.0_181.jdk/Contents/Home/jre/lib/libmlib_image.dylib
0x00007fff32560000 	/System/Library/Frameworks/JavaVM.framework/Versions/A/Frameworks/JavaNativeFoundation.framework/Versions/A/JavaNativeFoundation
0x00007fff32569000 	/System/Library/Frameworks/JavaVM.framework/Versions/A/Frameworks/JavaRuntimeSupport.framework/Versions/A/JavaRuntimeSupport
0x00007fff32572000 	/System/Library/Frameworks/JavaVM.framework/Versions/A/JavaVM
0x00007fff52693000 	/System/Library/PrivateFrameworks/JavaLaunching.framework/Versions/A/JavaLaunching
0x00007fff2c8a2000 	/System/Library/Frameworks/Carbon.framework/Versions/A/Carbon
0x00007fff2c8a3000 	/System/Library/Frameworks/Carbon.framework/Versions/A/Frameworks/CommonPanels.framework/Versions/A/CommonPanels
0x00007fff2cb9c000 	/System/Library/Frameworks/Carbon.framework/Versions/A/Frameworks/Help.framework/Versions/A/Help
0x00007fff2cba0000 	/System/Library/Frameworks/Carbon.framework/Versions/A/Frameworks/ImageCapture.framework/Versions/A/ImageCapture
0x00007fff2cba7000 	/System/Library/Frameworks/Carbon.framework/Versions/A/Frameworks/OpenScripting.framework/Versions/A/OpenScripting
0x00007fff2cba6000 	/System/Library/Frameworks/Carbon.framework/Versions/A/Frameworks/Ink.framework/Versions/A/Ink
0x00007fff2cbe2000 	/System/Library/Frameworks/Carbon.framework/Versions/A/Frameworks/Print.framework/Versions/A/Print
0x00007fff2cbe3000 	/System/Library/Frameworks/Carbon.framework/Versions/A/Frameworks/SecurityHI.framework/Versions/A/SecurityHI
0x0000000126ff1000 	/Library/Java/JavaVirtualMachines/jdk1.8.0_181.jdk/Contents/Home/jre/lib/libawt_lwawt.dylib
0x00000001255c0000 	/Library/Java/JavaVirtualMachines/jdk1.8.0_181.jdk/Contents/Home/jre/lib/libosxapp.dylib
0x00007fff30265000 	/System/Library/Frameworks/ExceptionHandling.framework/Versions/A/ExceptionHandling
0x00007fff49c16000 	/System/Library/PrivateFrameworks/FontServices.framework/libTrueTypeScaler.dylib
0x00007fff24e5b000 	/System/Library/Extensions/AppleIntelBDWGraphicsMTLDriver.bundle/Contents/MacOS/AppleIntelBDWGraphicsMTLDriver
0x00007fff4d184000 	/System/Library/PrivateFrameworks/GPUCompiler.framework/Versions/3902/Libraries/libmetal_timestamp.dylib
0x00000001255fa000 	/Library/Java/JavaVirtualMachines/jdk1.8.0_181.jdk/Contents/Home/jre/lib/libjavafx_font.dylib
0x00007fff61914000 	/System/Library/PrivateFrameworks/login.framework/Versions/A/login
0x00007fff4fcc4000 	/System/Library/PrivateFrameworks/HDRProcessing.framework/Versions/A/HDRProcessing
0x000000012679d000 	/Library/Java/JavaVirtualMachines/jdk1.8.0_181.jdk/Contents/Home/jre/lib/libprism_common.dylib
0x0000000128294000 	/Library/Java/JavaVirtualMachines/jdk1.8.0_181.jdk/Contents/Home/jre/lib/libfontmanager.dylib
0x0000000125535000 	/Library/Java/JavaVirtualMachines/jdk1.8.0_181.jdk/Contents/Home/jre/lib/libosxui.dylib

VM Arguments:
jvm_args: -agentlib:jdwp=transport=dt_socket,address=127.0.0.1:53812,suspend=y,server=n -javaagent:/Users/JackMaguire/Library/Caches/IdeaIC2019.3/captureAgent/debugger-agent.jar -Dfile.encoding=UTF-8 
java_command: main.main
java_class_path (initial): /Library/Java/JavaVirtualMachines/jdk1.8.0_181.jdk/Contents/Home/jre/lib/charsets.jar:/Library/Java/JavaVirtualMachines/jdk1.8.0_181.jdk/Contents/Home/jre/lib/deploy.jar:/Library/Java/JavaVirtualMachines/jdk1.8.0_181.jdk/Contents/Home/jre/lib/ext/cldrdata.jar:/Library/Java/JavaVirtualMachines/jdk1.8.0_181.jdk/Contents/Home/jre/lib/ext/dnsns.jar:/Library/Java/JavaVirtualMachines/jdk1.8.0_181.jdk/Contents/Home/jre/lib/ext/jaccess.jar:/Library/Java/JavaVirtualMachines/jdk1.8.0_181.jdk/Contents/Home/jre/lib/ext/jfxrt.jar:/Library/Java/JavaVirtualMachines/jdk1.8.0_181.jdk/Contents/Home/jre/lib/ext/localedata.jar:/Library/Java/JavaVirtualMachines/jdk1.8.0_181.jdk/Contents/Home/jre/lib/ext/nashorn.jar:/Library/Java/JavaVirtualMachines/jdk1.8.0_181.jdk/Contents/Home/jre/lib/ext/sunec.jar:/Library/Java/JavaVirtualMachines/jdk1.8.0_181.jdk/Contents/Home/jre/lib/ext/sunjce_provider.jar:/Library/Java/JavaVirtualMachines/jdk1.8.0_181.jdk/Contents/Home/jre/lib/ext/sunpkcs11.jar:/Library/Java/JavaVirtualMachines/jdk1.8.0_181.jdk/Contents/Home/jre/lib/ext/zipfs.jar:/Library/Java/JavaVirtualMachines/jdk1.8.0_181.jdk/Contents/Home/jre/lib/javaws.jar:/Library/Java/JavaVirtualMachines/jdk1.8.0_181.jdk/Contents/Home/jre/lib/jce.jar:/Library/Java/JavaVirtualMachines/jdk1.8.0_181.jdk/Contents/Home/jre/lib/jfr.jar:/Library/Java/JavaVirtualMachines/jdk1.8.0_181.jdk/Contents/Home/jre/lib/jfxswt.jar:/Library/Java/JavaVirtualMachines/jdk1.8.0_181.jdk/Contents/Home/jre/lib/jsse.jar:/Library/Java/JavaVirtualMachines/jdk1.8.0_181.jdk/Contents/Home/jre/lib/management-agent.jar:/Library/Java/JavaVirtualMachines/jdk1.8.0_181.jdk/Contents/Home/jre/lib/plugin.jar:/Library/Java/JavaVirtualMachines/jdk1.8.0_181.jdk/Contents/Home/jre/lib/resources.jar:/Library/Java/JavaVirtualMachines/jdk1.8.0_181.jdk/Contents/Home/jre/lib/rt.jar:/Library/Java/JavaVirtualMachines/jdk1.8.0_181.jdk/Contents/Home/lib/ant-javafx.jar:/Library/Java/JavaVirtualMachines/jdk1.8.0_181.jdk/Contents/Home
Launcher Type: SUN_STANDARD

Environment Variables:
PATH=/usr/bin:/bin:/usr/sbin:/sbin
SHELL=/bin/bash

Signal Handlers:
SIGSEGV: [libjvm.dylib+0x5b6029], sa_mask[0]=11111111011111110111111111111111, sa_flags=SA_ONSTACK|SA_RESTART|SA_SIGINFO
SIGBUS: [libjvm.dylib+0x5b6029], sa_mask[0]=11111111011111110111111111111111, sa_flags=SA_RESTART|SA_SIGINFO
SIGFPE: [libjvm.dylib+0x48b934], sa_mask[0]=11111111011111110111111111111111, sa_flags=SA_RESTART|SA_SIGINFO
SIGPIPE: [libjvm.dylib+0x48b934], sa_mask[0]=11111111011111110111111111111111, sa_flags=SA_RESTART|SA_SIGINFO
SIGXFSZ: [libjvm.dylib+0x48b934], sa_mask[0]=11111111011111110111111111111111, sa_flags=SA_RESTART|SA_SIGINFO
SIGILL: [libjvm.dylib+0x48b934], sa_mask[0]=11111111011111110111111111111111, sa_flags=SA_RESTART|SA_SIGINFO
SIGUSR1: SIG_DFL, sa_mask[0]=00000000000000000000000000000000, sa_flags=none
SIGUSR2: [libjvm.dylib+0x48b452], sa_mask[0]=00100000000000000000000000000000, sa_flags=SA_RESTART|SA_SIGINFO
SIGHUP: [libjvm.dylib+0x489a1d], sa_mask[0]=11111111011111110111111111111111, sa_flags=SA_RESTART|SA_SIGINFO
SIGINT: [libjvm.dylib+0x489a1d], sa_mask[0]=11111111011111110111111111111111, sa_flags=SA_RESTART|SA_SIGINFO
SIGTERM: [libjvm.dylib+0x489a1d], sa_mask[0]=11111111011111110111111111111111, sa_flags=SA_RESTART|SA_SIGINFO
SIGQUIT: [libjvm.dylib+0x489a1d], sa_mask[0]=11111111011111110111111111111111, sa_flags=SA_RESTART|SA_SIGINFO


---------------  S Y S T E M  ---------------

OS:Bsduname:Darwin 19.2.0 Darwin Kernel Version 19.2.0: Sat Nov  9 03:47:04 PST 2019; root:xnu-6153.61.1~20/RELEASE_X86_64 x86_64
rlimit: STACK 8192k, CORE 0k, NPROC 1392, NOFILE 10240, AS infinity
load average:2.45 5.68 5.40

CPU:total 4 (initial active 4) (2 cores per cpu, 2 threads per core) family 6 model 61 stepping 4, cmov, cx8, fxsr, mmx, sse, sse2, sse3, ssse3, sse4.1, sse4.2, popcnt, avx, avx2, aes, clmul, erms, 3dnowpref, lzcnt, ht, tsc, tscinvbit, bmi1, bmi2, adx

Memory: 4k page, physical 4194304k(38692k free)

/proc/meminfo:


vm_info: Java HotSpot(TM) 64-Bit Server VM (25.181-b13) for bsd-amd64 JRE (1.8.0_181-b13), built on Jul  7 2018 01:02:31 by "java_re" with gcc 4.2.1 (Based on Apple Inc. build 5658) (LLVM build 2336.11.00)

time: Sat Jan 18 16:48:30 2020
elapsed time: 56 seconds (0d 0h 0m 56s)

